12-24 11:16:05 com_github_MitjaNemec_PlaceFootprints.action_place_footprints 674:Plugin executed on: 'darwin'
12-24 11:16:05 com_github_MitjaNemec_PlaceFootprints.action_place_footprints 675:Plugin executed with python version: '3.9.13 (v3.9.13:6de2ca5339, May 17 2022, 11:37:23) \n[Clang 13.0.0 (clang-1300.0.29.30)]'
12-24 11:16:05 com_github_MitjaNemec_PlaceFootprints.action_place_footprints 676:KiCad build version: 9.0.5
12-24 11:16:05 com_github_MitjaNemec_PlaceFootprints.action_place_footprints 677:Plugin version: 4.0.1
12-24 11:16:05 com_github_MitjaNemec_PlaceFootprints.action_place_footprints 678:Frame repr: <wx._core.Frame object at 0x1382485e0>
12-24 11:16:05 com_github_MitjaNemec_PlaceFootprints.place_footprints 121:getting a list of all footprints on board
12-24 11:16:05 com_github_MitjaNemec_PlaceFootprints.place_footprints 156:Footprint SW1 on root level
12-24 11:16:05 com_github_MitjaNemec_PlaceFootprints.place_footprints 156:Footprint SW2 on root level
12-24 11:16:05 com_github_MitjaNemec_PlaceFootprints.place_footprints 156:Footprint SW3 on root level
12-24 11:16:05 com_github_MitjaNemec_PlaceFootprints.place_footprints 156:Footprint SW4 on root level
12-24 11:16:05 com_github_MitjaNemec_PlaceFootprints.place_footprints 156:Footprint SW5 on root level
12-24 11:16:05 com_github_MitjaNemec_PlaceFootprints.place_footprints 156:Footprint SW6 on root level
12-24 11:16:05 com_github_MitjaNemec_PlaceFootprints.place_footprints 156:Footprint SW7 on root level
12-24 11:16:05 com_github_MitjaNemec_PlaceFootprints.place_footprints 156:Footprint SW8 on root level
12-24 11:16:05 com_github_MitjaNemec_PlaceFootprints.place_footprints 156:Footprint SW9 on root level
12-24 11:16:05 com_github_MitjaNemec_PlaceFootprints.place_footprints 156:Footprint SW10 on root level
12-24 11:16:05 com_github_MitjaNemec_PlaceFootprints.place_footprints 156:Footprint SW11 on root level
12-24 11:16:05 com_github_MitjaNemec_PlaceFootprints.place_footprints 156:Footprint SW12 on root level
12-24 11:16:05 com_github_MitjaNemec_PlaceFootprints.place_footprints 156:Footprint SW13 on root level
12-24 11:16:05 com_github_MitjaNemec_PlaceFootprints.place_footprints 156:Footprint SW14 on root level
12-24 11:16:05 com_github_MitjaNemec_PlaceFootprints.place_footprints 156:Footprint SW15 on root level
12-24 11:16:05 com_github_MitjaNemec_PlaceFootprints.place_footprints 156:Footprint SW16 on root level
12-24 11:16:05 com_github_MitjaNemec_PlaceFootprints.place_footprints 156:Footprint H7 on root level
12-24 11:16:05 com_github_MitjaNemec_PlaceFootprints.place_footprints 156:Footprint H6 on root level
12-24 11:16:05 com_github_MitjaNemec_PlaceFootprints.place_footprints 156:Footprint H5 on root level
12-24 11:16:05 com_github_MitjaNemec_PlaceFootprints.place_footprints 156:Footprint R4 on root level
12-24 11:16:05 com_github_MitjaNemec_PlaceFootprints.place_footprints 156:Footprint R3 on root level
12-24 11:16:05 com_github_MitjaNemec_PlaceFootprints.place_footprints 156:Footprint R2 on root level
12-24 11:16:05 com_github_MitjaNemec_PlaceFootprints.place_footprints 156:Footprint R1 on root level
12-24 11:16:05 com_github_MitjaNemec_PlaceFootprints.place_footprints 156:Footprint J1 on root level
12-24 11:16:05 com_github_MitjaNemec_PlaceFootprints.place_footprints 156:Footprint D16 on root level
12-24 11:16:05 com_github_MitjaNemec_PlaceFootprints.place_footprints 156:Footprint D15 on root level
12-24 11:16:05 com_github_MitjaNemec_PlaceFootprints.place_footprints 156:Footprint D14 on root level
12-24 11:16:05 com_github_MitjaNemec_PlaceFootprints.place_footprints 156:Footprint D13 on root level
12-24 11:16:05 com_github_MitjaNemec_PlaceFootprints.place_footprints 156:Footprint D12 on root level
12-24 11:16:05 com_github_MitjaNemec_PlaceFootprints.place_footprints 156:Footprint D11 on root level
12-24 11:16:05 com_github_MitjaNemec_PlaceFootprints.place_footprints 156:Footprint D10 on root level
12-24 11:16:05 com_github_MitjaNemec_PlaceFootprints.place_footprints 156:Footprint D9 on root level
12-24 11:16:05 com_github_MitjaNemec_PlaceFootprints.place_footprints 156:Footprint D8 on root level
12-24 11:16:05 com_github_MitjaNemec_PlaceFootprints.place_footprints 156:Footprint D7 on root level
12-24 11:16:05 com_github_MitjaNemec_PlaceFootprints.place_footprints 156:Footprint D6 on root level
12-24 11:16:05 com_github_MitjaNemec_PlaceFootprints.place_footprints 156:Footprint D5 on root level
12-24 11:16:05 com_github_MitjaNemec_PlaceFootprints.place_footprints 156:Footprint D4 on root level
12-24 11:16:05 com_github_MitjaNemec_PlaceFootprints.place_footprints 156:Footprint D3 on root level
12-24 11:16:05 com_github_MitjaNemec_PlaceFootprints.place_footprints 156:Footprint D2 on root level
12-24 11:16:05 com_github_MitjaNemec_PlaceFootprints.place_footprints 156:Footprint D1 on root level
12-24 11:16:05 com_github_MitjaNemec_PlaceFootprints.place_footprints 156:Footprint H1 on root level
12-24 11:16:05 com_github_MitjaNemec_PlaceFootprints.place_footprints 156:Footprint H4 on root level
12-24 11:16:05 com_github_MitjaNemec_PlaceFootprints.place_footprints 156:Footprint H3 on root level
12-24 11:16:05 com_github_MitjaNemec_PlaceFootprints.place_footprints 156:Footprint H2 on root level
12-24 11:16:05 com_github_MitjaNemec_PlaceFootprints.action_place_footprints 717:Reference footprint='D1'
12-24 11:16:06 com_github_MitjaNemec_PlaceFootprints.action_place_footprints 858:Reference designator is: D
12-24 11:16:06 com_github_MitjaNemec_PlaceFootprints.action_place_footprints 859:Reference number is: 1
12-24 11:16:06 com_github_MitjaNemec_PlaceFootprints.action_place_footprints 891:Sorted and filtered list:
['D1', 'D2', 'D3', 'D4', 'D5', 'D6', 'D7', 'D8', 'D9', 'D10', 'D11', 'D12', 'D13', 'D14', 'D15', 'D16']
12-24 11:16:06 com_github_MitjaNemec_PlaceFootprints.action_place_footprints 376:wx.Colour(38, 38, 38, 255)
12-24 11:16:08 com_github_MitjaNemec_PlaceFootprints.action_place_footprints 507:'15'
12-24 11:16:08 com_github_MitjaNemec_PlaceFootprints.action_place_footprints 566:Preparing config for reference matrix
12-24 11:16:08 com_github_MitjaNemec_PlaceFootprints.action_place_footprints 573:Saving config file
12-24 11:16:08 com_github_MitjaNemec_PlaceFootprints.action_place_footprints 575:Saved the config file
12-24 11:16:08 com_github_MitjaNemec_PlaceFootprints.action_place_footprints 929:Footprints to place:
['D1', 'D2', 'D3', 'D4', 'D5', 'D6', 'D7', 'D8', 'D9', 'D10', 'D11', 'D12', 'D13', 'D14', 'D15', 'D16']
12-24 11:16:08 com_github_MitjaNemec_PlaceFootprints.place_footprints 427:Starting placing with matrix layout
12-24 11:16:08 com_github_MitjaNemec_PlaceFootprints.action_place_footprints 999:Placing complete
