12-24 18:28:15 com_github_MitjaNemec_PlaceFootprints.action_place_footprints 674:Plugin executed on: 'darwin'
12-24 18:28:15 com_github_MitjaNemec_PlaceFootprints.action_place_footprints 675:Plugin executed with python version: '3.9.13 (v3.9.13:6de2ca5339, May 17 2022, 11:37:23) \n[Clang 13.0.0 (clang-1300.0.29.30)]'
12-24 18:28:15 com_github_MitjaNemec_PlaceFootprints.action_place_footprints 676:KiCad build version: 9.0.5
12-24 18:28:15 com_github_MitjaNemec_PlaceFootprints.action_place_footprints 677:Plugin version: 4.0.1
12-24 18:28:15 com_github_MitjaNemec_PlaceFootprints.action_place_footprints 678:Frame repr: <wx._core.Frame object at 0x1351655e0>
12-24 18:28:15 com_github_MitjaNemec_PlaceFootprints.place_footprints 121:getting a list of all footprints on board
12-24 18:28:15 com_github_MitjaNemec_PlaceFootprints.place_footprints 156:Footprint C1 on root level
12-24 18:28:15 com_github_MitjaNemec_PlaceFootprints.place_footprints 156:Footprint U1 on root level
12-24 18:28:15 com_github_MitjaNemec_PlaceFootprints.action_place_footprints 717:Reference footprint='J1'
12-24 18:28:15 com_github_MitjaNemec_PlaceFootprints.action_place_footprints 858:Reference designator is: J
12-24 18:28:15 com_github_MitjaNemec_PlaceFootprints.action_place_footprints 859:Reference number is: 1
12-24 18:28:15 com_github_MitjaNemec_PlaceFootprints.action_place_footprints 891:Sorted and filtered list:
['J1', 'J2', 'J3', 'J4', 'J5', 'J6', 'J7', 'J8', 'J9', 'J10', 'J11']
12-24 18:28:15 com_github_MitjaNemec_PlaceFootprints.action_place_footprints 376:wx.Colour(38, 38, 38, 255)
12-24 18:28:26 com_github_MitjaNemec_PlaceFootprints.action_place_footprints 507:'0'
12-24 18:28:26 com_github_MitjaNemec_PlaceFootprints.action_place_footprints 553:Preparing config for reference linear
12-24 18:28:26 com_github_MitjaNemec_PlaceFootprints.action_place_footprints 573:Saving config file
12-24 18:28:26 com_github_MitjaNemec_PlaceFootprints.action_place_footprints 575:Saved the config file
12-24 18:28:26 com_github_MitjaNemec_PlaceFootprints.action_place_footprints 929:Footprints to place:
['J1', 'J2', 'J3', 'J4', 'J5', 'J6', 'J7', 'J8', 'J9']
12-24 18:28:26 com_github_MitjaNemec_PlaceFootprints.place_footprints 396:Starting placing with linear layout
12-24 18:28:26 com_github_MitjaNemec_PlaceFootprints.action_place_footprints 970:Placing complete
